Grammar

    0 $accept: expr $end

    1 expr: ID ':' '=' term expr
    2     | ε

    3 term: term '+' NUM
    4     | term '-' NUM
    5     | NUM


Terminals, with rules where they appear

    $end (0) 0
    '+' (43) 3
    '-' (45) 4
    ':' (58) 1
    '=' (61) 1
    error (256)
    ID (258) 1
    NUM (259) 3 4 5


Nonterminals, with rules where they appear

    $accept (9)
        on left: 0
    expr (10)
        on left: 1 2
        on right: 0 1
    term (11)
        on left: 3 4 5
        on right: 1 3 4


State 0

    0 $accept: • expr $end

    ID  shift, and go to state 1

    $default  reduce using rule 2 (expr)

    expr  go to state 2


State 1

    1 expr: ID • ':' '=' term expr

    ':'  shift, and go to state 3


State 2

    0 $accept: expr • $end

    $end  shift, and go to state 4


State 3

    1 expr: ID ':' • '=' term expr

    '='  shift, and go to state 5


State 4

    0 $accept: expr $end •

    $default  accept


State 5

    1 expr: ID ':' '=' • term expr

    NUM  shift, and go to state 6

    term  go to state 7


State 6

    5 term: NUM •

    $default  reduce using rule 5 (term)


State 7

    1 expr: ID ':' '=' term • expr
    3 term: term • '+' NUM
    4     | term • '-' NUM

    ID   shift, and go to state 1
    '+'  shift, and go to state 8
    '-'  shift, and go to state 9

    $default  reduce using rule 2 (expr)

    expr  go to state 10


State 8

    3 term: term '+' • NUM

    NUM  shift, and go to state 11


State 9

    4 term: term '-' • NUM

    NUM  shift, and go to state 12


State 10

    1 expr: ID ':' '=' term expr •

    $default  reduce using rule 1 (expr)


State 11

    3 term: term '+' NUM •

    $default  reduce using rule 3 (term)


State 12

    4 term: term '-' NUM •

    $default  reduce using rule 4 (term)
